<?xml version="1.0" encoding="UTF-8"?>
<testsuite xmlns:xsi="http://www.w3.org/2001/XMLSchema-instance" xsi:noNamespaceSchemaLocation="https://maven.apache.org/surefire/maven-surefire-plugin/xsd/surefire-test-report.xsd" name="com.road.test.TokenTest" time="0.003" tests="0" errors="0" skipped="0" failures="0">
  <properties>
    <property name="sun.desktop" value="windows"/>
    <property name="awt.toolkit" value="sun.awt.windows.WToolkit"/>
    <property name="file.encoding.pkg" value="sun.io"/>
    <property name="java.specification.version" value="1.8"/>
    <property name="sun.cpu.isalist" value="amd64"/>
    <property name="sun.jnu.encoding" value="GBK"/>
    <property name="java.class.path" value="C:\Users\86155\Documents\code-gitee\yeb\yeb-server\target\test-classes;C:\Users\86155\Documents\code-gitee\yeb\yeb-server\target\classes;C:\Program Files (x86)\apache\maven\repo\org\springframework\boot\spring-boot-starter-web\2.3.0.RELEASE\spring-boot-starter-web-2.3.0.RELEASE.jar;C:\Program Files (x86)\apache\maven\repo\org\springframework\boot\spring-boot-starter\2.3.0.RELEASE\spring-boot-starter-2.3.0.RELEASE.jar;C:\Program Files (x86)\apache\maven\repo\org\springframework\boot\spring-boot\2.3.0.RELEASE\spring-boot-2.3.0.RELEASE.jar;C:\Program Files (x86)\apache\maven\repo\org\springframework\boot\spring-boot-starter-logging\2.3.0.RELEASE\spring-boot-starter-logging-2.3.0.RELEASE.jar;C:\Program Files (x86)\apache\maven\repo\ch\qos\logback\logback-classic\1.2.3\logback-classic-1.2.3.jar;C:\Program Files (x86)\apache\maven\repo\ch\qos\logback\logback-core\1.2.3\logback-core-1.2.3.jar;C:\Program Files (x86)\apache\maven\repo\org\apache\logging\log4j\log4j-to-slf4j\2.13.2\log4j-to-slf4j-2.13.2.jar;C:\Program Files (x86)\apache\maven\repo\org\apache\logging\log4j\log4j-api\2.13.2\log4j-api-2.13.2.jar;C:\Program Files (x86)\apache\maven\repo\org\slf4j\jul-to-slf4j\1.7.30\jul-to-slf4j-1.7.30.jar;C:\Program Files (x86)\apache\maven\repo\jakarta\annotation\jakarta.annotation-api\1.3.5\jakarta.annotation-api-1.3.5.jar;C:\Program Files (x86)\apache\maven\repo\org\springframework\spring-core\5.2.6.RELEASE\spring-core-5.2.6.RELEASE.jar;C:\Program Files (x86)\apache\maven\repo\org\springframework\spring-jcl\5.2.6.RELEASE\spring-jcl-5.2.6.RELEASE.jar;C:\Program Files (x86)\apache\maven\repo\org\yaml\snakeyaml\1.26\snakeyaml-1.26.jar;C:\Program Files (x86)\apache\maven\repo\org\springframework\boot\spring-boot-starter-json\2.3.0.RELEASE\spring-boot-starter-json-2.3.0.RELEASE.jar;C:\Program Files (x86)\apache\maven\repo\com\fasterxml\jackson\datatype\jackson-datatype-jdk8\2.11.0\jackson-datatype-jdk8-2.11.0.jar;C:\Program Files (x86)\apache\maven\repo\com\fasterxml\jackson\datatype\jackson-datatype-jsr310\2.11.0\jackson-datatype-jsr310-2.11.0.jar;C:\Program Files (x86)\apache\maven\repo\com\fasterxml\jackson\module\jackson-module-parameter-names\2.11.0\jackson-module-parameter-names-2.11.0.jar;C:\Program Files (x86)\apache\maven\repo\org\springframework\boot\spring-boot-starter-tomcat\2.3.0.RELEASE\spring-boot-starter-tomcat-2.3.0.RELEASE.jar;C:\Program Files (x86)\apache\maven\repo\org\apache\tomcat\embed\tomcat-embed-core\9.0.35\tomcat-embed-core-9.0.35.jar;C:\Program Files (x86)\apache\maven\repo\org\glassfish\jakarta.el\3.0.3\jakarta.el-3.0.3.jar;C:\Program Files (x86)\apache\maven\repo\org\apache\tomcat\embed\tomcat-embed-websocket\9.0.35\tomcat-embed-websocket-9.0.35.jar;C:\Program Files (x86)\apache\maven\repo\org\springframework\spring-web\5.2.6.RELEASE\spring-web-5.2.6.RELEASE.jar;C:\Program Files (x86)\apache\maven\repo\org\springframework\spring-beans\5.2.6.RELEASE\spring-beans-5.2.6.RELEASE.jar;C:\Program Files (x86)\apache\maven\repo\org\springframework\spring-webmvc\5.2.6.RELEASE\spring-webmvc-5.2.6.RELEASE.jar;C:\Program Files (x86)\apache\maven\repo\org\springframework\spring-context\5.2.6.RELEASE\spring-context-5.2.6.RELEASE.jar;C:\Program Files (x86)\apache\maven\repo\org\springframework\spring-expression\5.2.6.RELEASE\spring-expression-5.2.6.RELEASE.jar;C:\Program Files (x86)\apache\maven\repo\org\projectlombok\lombok\1.18.12\lombok-1.18.12.jar;C:\Program Files (x86)\apache\maven\repo\mysql\mysql-connector-java\8.0.20\mysql-connector-java-8.0.20.jar;C:\Program Files (x86)\apache\maven\repo\com\baomidou\mybatis-plus-boot-starter\3.3.1.tmp\mybatis-plus-boot-starter-3.3.1.tmp.jar;C:\Program Files (x86)\apache\maven\repo\com\baomidou\mybatis-plus\3.3.1.tmp\mybatis-plus-3.3.1.tmp.jar;C:\Program Files (x86)\apache\maven\repo\com\baomidou\mybatis-plus-extension\3.3.1.tmp\mybatis-plus-extension-3.3.1.tmp.jar;C:\Program Files (x86)\apache\maven\repo\com\baomidou\mybatis-plus-core\3.3.1.tmp\mybatis-plus-core-3.3.1.tmp.jar;C:\Program Files (x86)\apache\maven\repo\com\baomidou\mybatis-plus-annotation\3.3.1.tmp\mybatis-plus-annotation-3.3.1.tmp.jar;C:\Program Files (x86)\apache\maven\repo\com\github\jsqlparser\jsqlparser\3.1\jsqlparser-3.1.jar;C:\Program Files (x86)\apache\maven\repo\org\mybatis\mybatis\3.5.3\mybatis-3.5.3.jar;C:\Program Files (x86)\apache\maven\repo\org\mybatis\mybatis-spring\2.0.3\mybatis-spring-2.0.3.jar;C:\Program Files (x86)\apache\maven\repo\org\springframework\boot\spring-boot-autoconfigure\2.3.0.RELEASE\spring-boot-autoconfigure-2.3.0.RELEASE.jar;C:\Program Files (x86)\apache\maven\repo\org\springframework\boot\spring-boot-starter-jdbc\2.3.0.RELEASE\spring-boot-starter-jdbc-2.3.0.RELEASE.jar;C:\Program Files (x86)\apache\maven\repo\com\zaxxer\HikariCP\3.4.5\HikariCP-3.4.5.jar;C:\Program Files (x86)\apache\maven\repo\org\springframework\spring-jdbc\5.2.6.RELEASE\spring-jdbc-5.2.6.RELEASE.jar;C:\Program Files (x86)\apache\maven\repo\io\springfox\springfox-swagger2\2.7.0\springfox-swagger2-2.7.0.jar;C:\Program Files (x86)\apache\maven\repo\io\swagger\swagger-annotations\1.5.13\swagger-annotations-1.5.13.jar;C:\Program Files (x86)\apache\maven\repo\io\swagger\swagger-models\1.5.13\swagger-models-1.5.13.jar;C:\Program Files (x86)\apache\maven\repo\com\fasterxml\jackson\core\jackson-annotations\2.11.0\jackson-annotations-2.11.0.jar;C:\Program Files (x86)\apache\maven\repo\io\springfox\springfox-spi\2.7.0\springfox-spi-2.7.0.jar;C:\Program Files (x86)\apache\maven\repo\io\springfox\springfox-core\2.7.0\springfox-core-2.7.0.jar;C:\Program Files (x86)\apache\maven\repo\net\bytebuddy\byte-buddy\1.10.10\byte-buddy-1.10.10.jar;C:\Program Files (x86)\apache\maven\repo\io\springfox\springfox-schema\2.7.0\springfox-schema-2.7.0.jar;C:\Program Files (x86)\apache\maven\repo\io\springfox\springfox-swagger-common\2.7.0\springfox-swagger-common-2.7.0.jar;C:\Program Files (x86)\apache\maven\repo\io\springfox\springfox-spring-web\2.7.0\springfox-spring-web-2.7.0.jar;C:\Program Files (x86)\apache\maven\repo\org\reflections\reflections\0.9.11\reflections-0.9.11.jar;C:\Program Files (x86)\apache\maven\repo\com\google\guava\guava\18.0\guava-18.0.jar;C:\Program Files (x86)\apache\maven\repo\com\fasterxml\classmate\1.5.1\classmate-1.5.1.jar;C:\Program Files (x86)\apache\maven\repo\org\slf4j\slf4j-api\1.7.30\slf4j-api-1.7.30.jar;C:\Program Files (x86)\apache\maven\repo\org\springframework\plugin\spring-plugin-core\1.2.0.RELEASE\spring-plugin-core-1.2.0.RELEASE.jar;C:\Program Files (x86)\apache\maven\repo\org\springframework\plugin\spring-plugin-metadata\1.2.0.RELEASE\spring-plugin-metadata-1.2.0.RELEASE.jar;C:\Program Files (x86)\apache\maven\repo\org\mapstruct\mapstruct\1.1.0.Final\mapstruct-1.1.0.Final.jar;C:\Program Files (x86)\apache\maven\repo\com\github\xiaoymin\swagger-bootstrap-ui\1.9.6\swagger-bootstrap-ui-1.9.6.jar;C:\Program Files (x86)\apache\maven\repo\org\javassist\javassist\3.25.0-GA\javassist-3.25.0-GA.jar;C:\Program Files (x86)\apache\maven\repo\org\springframework\boot\spring-boot-starter-security\2.3.0.RELEASE\spring-boot-starter-security-2.3.0.RELEASE.jar;C:\Program Files (x86)\apache\maven\repo\org\springframework\spring-aop\5.2.6.RELEASE\spring-aop-5.2.6.RELEASE.jar;C:\Program Files (x86)\apache\maven\repo\org\springframework\security\spring-security-config\5.3.2.RELEASE\spring-security-config-5.3.2.RELEASE.jar;C:\Program Files (x86)\apache\maven\repo\org\springframework\security\spring-security-core\5.3.2.RELEASE\spring-security-core-5.3.2.RELEASE.jar;C:\Program Files (x86)\apache\maven\repo\org\springframework\security\spring-security-web\5.3.2.RELEASE\spring-security-web-5.3.2.RELEASE.jar;C:\Program Files (x86)\apache\maven\repo\io\jsonwebtoken\jjwt\0.9.1\jjwt-0.9.1.jar;C:\Program Files (x86)\apache\maven\repo\com\fasterxml\jackson\core\jackson-databind\2.11.0\jackson-databind-2.11.0.jar;C:\Program Files (x86)\apache\maven\repo\com\fasterxml\jackson\core\jackson-core\2.11.0\jackson-core-2.11.0.jar;C:\Program Files (x86)\apache\maven\repo\org\springframework\boot\spring-boot-configuration-processor\2.3.0.RELEASE\spring-boot-configuration-processor-2.3.0.RELEASE.jar;C:\Program Files (x86)\apache\maven\repo\com\github\axet\kaptcha\0.0.9\kaptcha-0.0.9.jar;C:\Program Files (x86)\apache\maven\repo\com\jhlabs\filters\2.0.235\filters-2.0.235.jar;C:\Program Files (x86)\apache\maven\repo\org\springframework\boot\spring-boot-starter-data-redis\2.4.3\spring-boot-starter-data-redis-2.4.3.jar;C:\Program Files (x86)\apache\maven\repo\org\springframework\data\spring-data-redis\2.3.0.RELEASE\spring-data-redis-2.3.0.RELEASE.jar;C:\Program Files (x86)\apache\maven\repo\org\springframework\data\spring-data-keyvalue\2.3.0.RELEASE\spring-data-keyvalue-2.3.0.RELEASE.jar;C:\Program Files (x86)\apache\maven\repo\org\springframework\data\spring-data-commons\2.3.0.RELEASE\spring-data-commons-2.3.0.RELEASE.jar;C:\Program Files (x86)\apache\maven\repo\org\springframework\spring-tx\5.2.6.RELEASE\spring-tx-5.2.6.RELEASE.jar;C:\Program Files (x86)\apache\maven\repo\org\springframework\spring-oxm\5.2.6.RELEASE\spring-oxm-5.2.6.RELEASE.jar;C:\Program Files (x86)\apache\maven\repo\org\springframework\spring-context-support\5.2.6.RELEASE\spring-context-support-5.2.6.RELEASE.jar;C:\Program Files (x86)\apache\maven\repo\io\lettuce\lettuce-core\5.3.0.RELEASE\lettuce-core-5.3.0.RELEASE.jar;C:\Program Files (x86)\apache\maven\repo\io\netty\netty-common\4.1.49.Final\netty-common-4.1.49.Final.jar;C:\Program Files (x86)\apache\maven\repo\io\netty\netty-handler\4.1.49.Final\netty-handler-4.1.49.Final.jar;C:\Program Files (x86)\apache\maven\repo\io\netty\netty-resolver\4.1.49.Final\netty-resolver-4.1.49.Final.jar;C:\Program Files (x86)\apache\maven\repo\io\netty\netty-buffer\4.1.49.Final\netty-buffer-4.1.49.Final.jar;C:\Program Files (x86)\apache\maven\repo\io\netty\netty-codec\4.1.49.Final\netty-codec-4.1.49.Final.jar;C:\Program Files (x86)\apache\maven\repo\io\netty\netty-transport\4.1.49.Final\netty-transport-4.1.49.Final.jar;C:\Program Files (x86)\apache\maven\repo\io\projectreactor\reactor-core\3.3.5.RELEASE\reactor-core-3.3.5.RELEASE.jar;C:\Program Files (x86)\apache\maven\repo\org\reactivestreams\reactive-streams\1.0.3\reactive-streams-1.0.3.jar;C:\Program Files (x86)\apache\maven\repo\org\apache\commons\commons-pool2\2.6.2\commons-pool2-2.6.2.jar;C:\Program Files (x86)\apache\maven\repo\com\alibaba\fastjson\1.2.76\fastjson-1.2.76.jar;C:\Program Files (x86)\apache\maven\repo\cn\afterturn\easypoi-spring-boot-starter\4.3.0\easypoi-spring-boot-starter-4.3.0.jar;C:\Program Files (x86)\apache\maven\repo\cn\afterturn\easypoi-web\4.3.0\easypoi-web-4.3.0.jar;C:\Program Files (x86)\apache\maven\repo\cn\afterturn\easypoi-base\4.3.0\easypoi-base-4.3.0.jar;C:\Program Files (x86)\apache\maven\repo\org\apache\poi\poi\4.1.1\poi-4.1.1.jar;C:\Program Files (x86)\apache\maven\repo\commons-codec\commons-codec\1.14\commons-codec-1.14.jar;C:\Program Files (x86)\apache\maven\repo\org\apache\commons\commons-collections4\4.4\commons-collections4-4.4.jar;C:\Program Files (x86)\apache\maven\repo\org\apache\commons\commons-math3\3.6.1\commons-math3-3.6.1.jar;C:\Program Files (x86)\apache\maven\repo\org\apache\poi\poi-ooxml\4.1.1\poi-ooxml-4.1.1.jar;C:\Program Files (x86)\apache\maven\repo\org\apache\commons\commons-compress\1.19\commons-compress-1.19.jar;C:\Program Files (x86)\apache\maven\repo\com\github\virtuald\curvesapi\1.06\curvesapi-1.06.jar;C:\Program Files (x86)\apache\maven\repo\org\apache\poi\poi-ooxml-schemas\4.1.1\poi-ooxml-schemas-4.1.1.jar;C:\Program Files (x86)\apache\maven\repo\org\apache\xmlbeans\xmlbeans\3.1.0\xmlbeans-3.1.0.jar;C:\Program Files (x86)\apache\maven\repo\org\apache\commons\commons-lang3\3.10\commons-lang3-3.10.jar;C:\Program Files (x86)\apache\maven\repo\ognl\ognl\3.2.6\ognl-3.2.6.jar;C:\Program Files (x86)\apache\maven\repo\javax\validation\validation-api\2.0.1.Final\validation-api-2.0.1.Final.jar;C:\Program Files (x86)\apache\maven\repo\cn\afterturn\easypoi-annotation\4.3.0\easypoi-annotation-4.3.0.jar;C:\Program Files (x86)\apache\maven\repo\org\springframework\boot\spring-boot-starter-amqp\2.5.1\spring-boot-starter-amqp-2.5.1.jar;C:\Program Files (x86)\apache\maven\repo\org\springframework\spring-messaging\5.2.6.RELEASE\spring-messaging-5.2.6.RELEASE.jar;C:\Program Files (x86)\apache\maven\repo\org\springframework\amqp\spring-rabbit\2.2.6.RELEASE\spring-rabbit-2.2.6.RELEASE.jar;C:\Program Files (x86)\apache\maven\repo\com\rabbitmq\amqp-client\5.9.0\amqp-client-5.9.0.jar;C:\Program Files (x86)\apache\maven\repo\org\springframework\amqp\spring-amqp\2.2.6.RELEASE\spring-amqp-2.2.6.RELEASE.jar;C:\Program Files (x86)\apache\maven\repo\org\springframework\retry\spring-retry\1.2.5.RELEASE\spring-retry-1.2.5.RELEASE.jar;C:\Program Files (x86)\apache\maven\repo\org\springframework\boot\spring-boot-starter-websocket\2.3.0.RELEASE\spring-boot-starter-websocket-2.3.0.RELEASE.jar;C:\Program Files (x86)\apache\maven\repo\org\springframework\spring-websocket\5.2.6.RELEASE\spring-websocket-5.2.6.RELEASE.jar;C:\Program Files (x86)\apache\maven\repo\org\csource\fastdfs-client-java\1.29-SNAPSHOT\fastdfs-client-java-1.29-SNAPSHOT.jar;"/>
    <property name="java.vm.vendor" value="Oracle Corporation"/>
    <property name="sun.arch.data.model" value="64"/>
    <property name="user.variant" value=""/>
    <property name="java.vendor.url" value="http://java.oracle.com/"/>
    <property name="user.timezone" value="Asia/Shanghai"/>
    <property name="java.vm.specification.version" value="1.8"/>
    <property name="os.name" value="Windows 10"/>
    <property name="user.country" value="CN"/>
    <property name="sun.java.launcher" value="SUN_STANDARD"/>
    <property name="sun.boot.library.path" value="C:\Program Files\Java\jdk1.8.0_291\jre\bin"/>
    <property name="sun.java.command" value="C:\Users\86155\AppData\Local\Temp\surefire5139130039962536159\surefirebooter794588781820896641.jar C:\Users\86155\AppData\Local\Temp\surefire5139130039962536159 2021-11-11T14-54-16_736-jvmRun1 surefire5954979181202814556tmp surefire_08685608595548162686tmp"/>
    <property name="surefire.test.class.path" value="C:\Users\86155\Documents\code-gitee\yeb\yeb-server\target\test-classes;C:\Users\86155\Documents\code-gitee\yeb\yeb-server\target\classes;C:\Program Files (x86)\apache\maven\repo\org\springframework\boot\spring-boot-starter-web\2.3.0.RELEASE\spring-boot-starter-web-2.3.0.RELEASE.jar;C:\Program Files (x86)\apache\maven\repo\org\springframework\boot\spring-boot-starter\2.3.0.RELEASE\spring-boot-starter-2.3.0.RELEASE.jar;C:\Program Files (x86)\apache\maven\repo\org\springframework\boot\spring-boot\2.3.0.RELEASE\spring-boot-2.3.0.RELEASE.jar;C:\Program Files (x86)\apache\maven\repo\org\springframework\boot\spring-boot-starter-logging\2.3.0.RELEASE\spring-boot-starter-logging-2.3.0.RELEASE.jar;C:\Program Files (x86)\apache\maven\repo\ch\qos\logback\logback-classic\1.2.3\logback-classic-1.2.3.jar;C:\Program Files (x86)\apache\maven\repo\ch\qos\logback\logback-core\1.2.3\logback-core-1.2.3.jar;C:\Program Files (x86)\apache\maven\repo\org\apache\logging\log4j\log4j-to-slf4j\2.13.2\log4j-to-slf4j-2.13.2.jar;C:\Program Files (x86)\apache\maven\repo\org\apache\logging\log4j\log4j-api\2.13.2\log4j-api-2.13.2.jar;C:\Program Files (x86)\apache\maven\repo\org\slf4j\jul-to-slf4j\1.7.30\jul-to-slf4j-1.7.30.jar;C:\Program Files (x86)\apache\maven\repo\jakarta\annotation\jakarta.annotation-api\1.3.5\jakarta.annotation-api-1.3.5.jar;C:\Program Files (x86)\apache\maven\repo\org\springframework\spring-core\5.2.6.RELEASE\spring-core-5.2.6.RELEASE.jar;C:\Program Files (x86)\apache\maven\repo\org\springframework\spring-jcl\5.2.6.RELEASE\spring-jcl-5.2.6.RELEASE.jar;C:\Program Files (x86)\apache\maven\repo\org\yaml\snakeyaml\1.26\snakeyaml-1.26.jar;C:\Program Files (x86)\apache\maven\repo\org\springframework\boot\spring-boot-starter-json\2.3.0.RELEASE\spring-boot-starter-json-2.3.0.RELEASE.jar;C:\Program Files (x86)\apache\maven\repo\com\fasterxml\jackson\datatype\jackson-datatype-jdk8\2.11.0\jackson-datatype-jdk8-2.11.0.jar;C:\Program Files (x86)\apache\maven\repo\com\fasterxml\jackson\datatype\jackson-datatype-jsr310\2.11.0\jackson-datatype-jsr310-2.11.0.jar;C:\Program Files (x86)\apache\maven\repo\com\fasterxml\jackson\module\jackson-module-parameter-names\2.11.0\jackson-module-parameter-names-2.11.0.jar;C:\Program Files (x86)\apache\maven\repo\org\springframework\boot\spring-boot-starter-tomcat\2.3.0.RELEASE\spring-boot-starter-tomcat-2.3.0.RELEASE.jar;C:\Program Files (x86)\apache\maven\repo\org\apache\tomcat\embed\tomcat-embed-core\9.0.35\tomcat-embed-core-9.0.35.jar;C:\Program Files (x86)\apache\maven\repo\org\glassfish\jakarta.el\3.0.3\jakarta.el-3.0.3.jar;C:\Program Files (x86)\apache\maven\repo\org\apache\tomcat\embed\tomcat-embed-websocket\9.0.35\tomcat-embed-websocket-9.0.35.jar;C:\Program Files (x86)\apache\maven\repo\org\springframework\spring-web\5.2.6.RELEASE\spring-web-5.2.6.RELEASE.jar;C:\Program Files (x86)\apache\maven\repo\org\springframework\spring-beans\5.2.6.RELEASE\spring-beans-5.2.6.RELEASE.jar;C:\Program Files (x86)\apache\maven\repo\org\springframework\spring-webmvc\5.2.6.RELEASE\spring-webmvc-5.2.6.RELEASE.jar;C:\Program Files (x86)\apache\maven\repo\org\springframework\spring-context\5.2.6.RELEASE\spring-context-5.2.6.RELEASE.jar;C:\Program Files (x86)\apache\maven\repo\org\springframework\spring-expression\5.2.6.RELEASE\spring-expression-5.2.6.RELEASE.jar;C:\Program Files (x86)\apache\maven\repo\org\projectlombok\lombok\1.18.12\lombok-1.18.12.jar;C:\Program Files (x86)\apache\maven\repo\mysql\mysql-connector-java\8.0.20\mysql-connector-java-8.0.20.jar;C:\Program Files (x86)\apache\maven\repo\com\baomidou\mybatis-plus-boot-starter\3.3.1.tmp\mybatis-plus-boot-starter-3.3.1.tmp.jar;C:\Program Files (x86)\apache\maven\repo\com\baomidou\mybatis-plus\3.3.1.tmp\mybatis-plus-3.3.1.tmp.jar;C:\Program Files (x86)\apache\maven\repo\com\baomidou\mybatis-plus-extension\3.3.1.tmp\mybatis-plus-extension-3.3.1.tmp.jar;C:\Program Files (x86)\apache\maven\repo\com\baomidou\mybatis-plus-core\3.3.1.tmp\mybatis-plus-core-3.3.1.tmp.jar;C:\Program Files (x86)\apache\maven\repo\com\baomidou\mybatis-plus-annotation\3.3.1.tmp\mybatis-plus-annotation-3.3.1.tmp.jar;C:\Program Files (x86)\apache\maven\repo\com\github\jsqlparser\jsqlparser\3.1\jsqlparser-3.1.jar;C:\Program Files (x86)\apache\maven\repo\org\mybatis\mybatis\3.5.3\mybatis-3.5.3.jar;C:\Program Files (x86)\apache\maven\repo\org\mybatis\mybatis-spring\2.0.3\mybatis-spring-2.0.3.jar;C:\Program Files (x86)\apache\maven\repo\org\springframework\boot\spring-boot-autoconfigure\2.3.0.RELEASE\spring-boot-autoconfigure-2.3.0.RELEASE.jar;C:\Program Files (x86)\apache\maven\repo\org\springframework\boot\spring-boot-starter-jdbc\2.3.0.RELEASE\spring-boot-starter-jdbc-2.3.0.RELEASE.jar;C:\Program Files (x86)\apache\maven\repo\com\zaxxer\HikariCP\3.4.5\HikariCP-3.4.5.jar;C:\Program Files (x86)\apache\maven\repo\org\springframework\spring-jdbc\5.2.6.RELEASE\spring-jdbc-5.2.6.RELEASE.jar;C:\Program Files (x86)\apache\maven\repo\io\springfox\springfox-swagger2\2.7.0\springfox-swagger2-2.7.0.jar;C:\Program Files (x86)\apache\maven\repo\io\swagger\swagger-annotations\1.5.13\swagger-annotations-1.5.13.jar;C:\Program Files (x86)\apache\maven\repo\io\swagger\swagger-models\1.5.13\swagger-models-1.5.13.jar;C:\Program Files (x86)\apache\maven\repo\com\fasterxml\jackson\core\jackson-annotations\2.11.0\jackson-annotations-2.11.0.jar;C:\Program Files (x86)\apache\maven\repo\io\springfox\springfox-spi\2.7.0\springfox-spi-2.7.0.jar;C:\Program Files (x86)\apache\maven\repo\io\springfox\springfox-core\2.7.0\springfox-core-2.7.0.jar;C:\Program Files (x86)\apache\maven\repo\net\bytebuddy\byte-buddy\1.10.10\byte-buddy-1.10.10.jar;C:\Program Files (x86)\apache\maven\repo\io\springfox\springfox-schema\2.7.0\springfox-schema-2.7.0.jar;C:\Program Files (x86)\apache\maven\repo\io\springfox\springfox-swagger-common\2.7.0\springfox-swagger-common-2.7.0.jar;C:\Program Files (x86)\apache\maven\repo\io\springfox\springfox-spring-web\2.7.0\springfox-spring-web-2.7.0.jar;C:\Program Files (x86)\apache\maven\repo\org\reflections\reflections\0.9.11\reflections-0.9.11.jar;C:\Program Files (x86)\apache\maven\repo\com\google\guava\guava\18.0\guava-18.0.jar;C:\Program Files (x86)\apache\maven\repo\com\fasterxml\classmate\1.5.1\classmate-1.5.1.jar;C:\Program Files (x86)\apache\maven\repo\org\slf4j\slf4j-api\1.7.30\slf4j-api-1.7.30.jar;C:\Program Files (x86)\apache\maven\repo\org\springframework\plugin\spring-plugin-core\1.2.0.RELEASE\spring-plugin-core-1.2.0.RELEASE.jar;C:\Program Files (x86)\apache\maven\repo\org\springframework\plugin\spring-plugin-metadata\1.2.0.RELEASE\spring-plugin-metadata-1.2.0.RELEASE.jar;C:\Program Files (x86)\apache\maven\repo\org\mapstruct\mapstruct\1.1.0.Final\mapstruct-1.1.0.Final.jar;C:\Program Files (x86)\apache\maven\repo\com\github\xiaoymin\swagger-bootstrap-ui\1.9.6\swagger-bootstrap-ui-1.9.6.jar;C:\Program Files (x86)\apache\maven\repo\org\javassist\javassist\3.25.0-GA\javassist-3.25.0-GA.jar;C:\Program Files (x86)\apache\maven\repo\org\springframework\boot\spring-boot-starter-security\2.3.0.RELEASE\spring-boot-starter-security-2.3.0.RELEASE.jar;C:\Program Files (x86)\apache\maven\repo\org\springframework\spring-aop\5.2.6.RELEASE\spring-aop-5.2.6.RELEASE.jar;C:\Program Files (x86)\apache\maven\repo\org\springframework\security\spring-security-config\5.3.2.RELEASE\spring-security-config-5.3.2.RELEASE.jar;C:\Program Files (x86)\apache\maven\repo\org\springframework\security\spring-security-core\5.3.2.RELEASE\spring-security-core-5.3.2.RELEASE.jar;C:\Program Files (x86)\apache\maven\repo\org\springframework\security\spring-security-web\5.3.2.RELEASE\spring-security-web-5.3.2.RELEASE.jar;C:\Program Files (x86)\apache\maven\repo\io\jsonwebtoken\jjwt\0.9.1\jjwt-0.9.1.jar;C:\Program Files (x86)\apache\maven\repo\com\fasterxml\jackson\core\jackson-databind\2.11.0\jackson-databind-2.11.0.jar;C:\Program Files (x86)\apache\maven\repo\com\fasterxml\jackson\core\jackson-core\2.11.0\jackson-core-2.11.0.jar;C:\Program Files (x86)\apache\maven\repo\org\springframework\boot\spring-boot-configuration-processor\2.3.0.RELEASE\spring-boot-configuration-processor-2.3.0.RELEASE.jar;C:\Program Files (x86)\apache\maven\repo\com\github\axet\kaptcha\0.0.9\kaptcha-0.0.9.jar;C:\Program Files (x86)\apache\maven\repo\com\jhlabs\filters\2.0.235\filters-2.0.235.jar;C:\Program Files (x86)\apache\maven\repo\org\springframework\boot\spring-boot-starter-data-redis\2.4.3\spring-boot-starter-data-redis-2.4.3.jar;C:\Program Files (x86)\apache\maven\repo\org\springframework\data\spring-data-redis\2.3.0.RELEASE\spring-data-redis-2.3.0.RELEASE.jar;C:\Program Files (x86)\apache\maven\repo\org\springframework\data\spring-data-keyvalue\2.3.0.RELEASE\spring-data-keyvalue-2.3.0.RELEASE.jar;C:\Program Files (x86)\apache\maven\repo\org\springframework\data\spring-data-commons\2.3.0.RELEASE\spring-data-commons-2.3.0.RELEASE.jar;C:\Program Files (x86)\apache\maven\repo\org\springframework\spring-tx\5.2.6.RELEASE\spring-tx-5.2.6.RELEASE.jar;C:\Program Files (x86)\apache\maven\repo\org\springframework\spring-oxm\5.2.6.RELEASE\spring-oxm-5.2.6.RELEASE.jar;C:\Program Files (x86)\apache\maven\repo\org\springframework\spring-context-support\5.2.6.RELEASE\spring-context-support-5.2.6.RELEASE.jar;C:\Program Files (x86)\apache\maven\repo\io\lettuce\lettuce-core\5.3.0.RELEASE\lettuce-core-5.3.0.RELEASE.jar;C:\Program Files (x86)\apache\maven\repo\io\netty\netty-common\4.1.49.Final\netty-common-4.1.49.Final.jar;C:\Program Files (x86)\apache\maven\repo\io\netty\netty-handler\4.1.49.Final\netty-handler-4.1.49.Final.jar;C:\Program Files (x86)\apache\maven\repo\io\netty\netty-resolver\4.1.49.Final\netty-resolver-4.1.49.Final.jar;C:\Program Files (x86)\apache\maven\repo\io\netty\netty-buffer\4.1.49.Final\netty-buffer-4.1.49.Final.jar;C:\Program Files (x86)\apache\maven\repo\io\netty\netty-codec\4.1.49.Final\netty-codec-4.1.49.Final.jar;C:\Program Files (x86)\apache\maven\repo\io\netty\netty-transport\4.1.49.Final\netty-transport-4.1.49.Final.jar;C:\Program Files (x86)\apache\maven\repo\io\projectreactor\reactor-core\3.3.5.RELEASE\reactor-core-3.3.5.RELEASE.jar;C:\Program Files (x86)\apache\maven\repo\org\reactivestreams\reactive-streams\1.0.3\reactive-streams-1.0.3.jar;C:\Program Files (x86)\apache\maven\repo\org\apache\commons\commons-pool2\2.6.2\commons-pool2-2.6.2.jar;C:\Program Files (x86)\apache\maven\repo\com\alibaba\fastjson\1.2.76\fastjson-1.2.76.jar;C:\Program Files (x86)\apache\maven\repo\cn\afterturn\easypoi-spring-boot-starter\4.3.0\easypoi-spring-boot-starter-4.3.0.jar;C:\Program Files (x86)\apache\maven\repo\cn\afterturn\easypoi-web\4.3.0\easypoi-web-4.3.0.jar;C:\Program Files (x86)\apache\maven\repo\cn\afterturn\easypoi-base\4.3.0\easypoi-base-4.3.0.jar;C:\Program Files (x86)\apache\maven\repo\org\apache\poi\poi\4.1.1\poi-4.1.1.jar;C:\Program Files (x86)\apache\maven\repo\commons-codec\commons-codec\1.14\commons-codec-1.14.jar;C:\Program Files (x86)\apache\maven\repo\org\apache\commons\commons-collections4\4.4\commons-collections4-4.4.jar;C:\Program Files (x86)\apache\maven\repo\org\apache\commons\commons-math3\3.6.1\commons-math3-3.6.1.jar;C:\Program Files (x86)\apache\maven\repo\org\apache\poi\poi-ooxml\4.1.1\poi-ooxml-4.1.1.jar;C:\Program Files (x86)\apache\maven\repo\org\apache\commons\commons-compress\1.19\commons-compress-1.19.jar;C:\Program Files (x86)\apache\maven\repo\com\github\virtuald\curvesapi\1.06\curvesapi-1.06.jar;C:\Program Files (x86)\apache\maven\repo\org\apache\poi\poi-ooxml-schemas\4.1.1\poi-ooxml-schemas-4.1.1.jar;C:\Program Files (x86)\apache\maven\repo\org\apache\xmlbeans\xmlbeans\3.1.0\xmlbeans-3.1.0.jar;C:\Program Files (x86)\apache\maven\repo\org\apache\commons\commons-lang3\3.10\commons-lang3-3.10.jar;C:\Program Files (x86)\apache\maven\repo\ognl\ognl\3.2.6\ognl-3.2.6.jar;C:\Program Files (x86)\apache\maven\repo\javax\validation\validation-api\2.0.1.Final\validation-api-2.0.1.Final.jar;C:\Program Files (x86)\apache\maven\repo\cn\afterturn\easypoi-annotation\4.3.0\easypoi-annotation-4.3.0.jar;C:\Program Files (x86)\apache\maven\repo\org\springframework\boot\spring-boot-starter-amqp\2.5.1\spring-boot-starter-amqp-2.5.1.jar;C:\Program Files (x86)\apache\maven\repo\org\springframework\spring-messaging\5.2.6.RELEASE\spring-messaging-5.2.6.RELEASE.jar;C:\Program Files (x86)\apache\maven\repo\org\springframework\amqp\spring-rabbit\2.2.6.RELEASE\spring-rabbit-2.2.6.RELEASE.jar;C:\Program Files (x86)\apache\maven\repo\com\rabbitmq\amqp-client\5.9.0\amqp-client-5.9.0.jar;C:\Program Files (x86)\apache\maven\repo\org\springframework\amqp\spring-amqp\2.2.6.RELEASE\spring-amqp-2.2.6.RELEASE.jar;C:\Program Files (x86)\apache\maven\repo\org\springframework\retry\spring-retry\1.2.5.RELEASE\spring-retry-1.2.5.RELEASE.jar;C:\Program Files (x86)\apache\maven\repo\org\springframework\boot\spring-boot-starter-websocket\2.3.0.RELEASE\spring-boot-starter-websocket-2.3.0.RELEASE.jar;C:\Program Files (x86)\apache\maven\repo\org\springframework\spring-websocket\5.2.6.RELEASE\spring-websocket-5.2.6.RELEASE.jar;C:\Program Files (x86)\apache\maven\repo\org\csource\fastdfs-client-java\1.29-SNAPSHOT\fastdfs-client-java-1.29-SNAPSHOT.jar;"/>
    <property name="sun.cpu.endian" value="little"/>
    <property name="user.home" value="C:\Users\86155"/>
    <property name="user.language" value="zh"/>
    <property name="java.specification.vendor" value="Oracle Corporation"/>
    <property name="java.home" value="C:\Program Files\Java\jdk1.8.0_291\jre"/>
    <property name="basedir" value="C:\Users\86155\Documents\code-gitee\yeb\yeb-server"/>
    <property name="file.separator" value="\"/>
    <property name="line.separator" value="&#10;"/>
    <property name="java.vm.specification.vendor" value="Oracle Corporation"/>
    <property name="java.specification.name" value="Java Platform API Specification"/>
    <property name="java.awt.graphicsenv" value="sun.awt.Win32GraphicsEnvironment"/>
    <property name="surefire.real.class.path" value="C:\Users\86155\AppData\Local\Temp\surefire5139130039962536159\surefirebooter794588781820896641.jar"/>
    <property name="sun.boot.class.path" value="C:\Program Files\Java\jdk1.8.0_291\jre\lib\resources.jar;C:\Program Files\Java\jdk1.8.0_291\jre\lib\rt.jar;C:\Program Files\Java\jdk1.8.0_291\jre\lib\sunrsasign.jar;C:\Program Files\Java\jdk1.8.0_291\jre\lib\jsse.jar;C:\Program Files\Java\jdk1.8.0_291\jre\lib\jce.jar;C:\Program Files\Java\jdk1.8.0_291\jre\lib\charsets.jar;C:\Program Files\Java\jdk1.8.0_291\jre\lib\jfr.jar;C:\Program Files\Java\jdk1.8.0_291\jre\classes"/>
    <property name="user.script" value=""/>
    <property name="sun.management.compiler" value="HotSpot 64-Bit Tiered Compilers"/>
    <property name="java.runtime.version" value="1.8.0_291-b10"/>
    <property name="user.name" value="86155"/>
    <property name="path.separator" value=";"/>
    <property name="os.version" value="10.0"/>
    <property name="java.endorsed.dirs" value="C:\Program Files\Java\jdk1.8.0_291\jre\lib\endorsed"/>
    <property name="java.runtime.name" value="Java(TM) SE Runtime Environment"/>
    <property name="file.encoding" value="GBK"/>
    <property name="java.vm.name" value="Java HotSpot(TM) 64-Bit Server VM"/>
    <property name="localRepository" value="C:\Program Files (x86)\apache\maven\repo"/>
    <property name="java.vendor.url.bug" value="http://bugreport.sun.com/bugreport/"/>
    <property name="java.io.tmpdir" value="C:\Users\86155\AppData\Local\Temp\"/>
    <property name="idea.version" value="2020.2.3"/>
    <property name="java.version" value="1.8.0_291"/>
    <property name="user.dir" value="C:\Users\86155\Documents\code-gitee\yeb\yeb-server"/>
    <property name="os.arch" value="amd64"/>
    <property name="java.vm.specification.name" value="Java Virtual Machine Specification"/>
    <property name="java.awt.printerjob" value="sun.awt.windows.WPrinterJob"/>
    <property name="sun.os.patch.level" value=""/>
    <property name="java.library.path" value="C:\Program Files\Java\jdk1.8.0_291\jre\bin;C:\WINDOWS\Sun\Java\bin;C:\WINDOWS\system32;C:\WINDOWS;C:\Program Files (x86)\Common Files\Oracle\Java\javapath;C:\Users\86155\Desktop\WINDOWS.X64_193000_db_home\bin;C:\Program Files (x86)\NetSarang\Xftp 7\;C:\Program Files (x86)\NetSarang\Xlpd 6\;C:\Program Files (x86)\NetSarang\Xshell 6\;C:\Program Files (x86)\NetSarang\Xmanager 6\;C:\Program Files\Java\jdk1.8.0_291\bin;C:\ProgramData\Oracle\Java\javapath;C:\Program Files\NVIDIA Corporation\NVIDIA NvDLISR;C:\Program Files (x86)\Intel\Intel(R) Management Engine Components\DAL;C:\Program Files\Intel\Intel(R) Management Engine Components\DAL;C:\MySQL\mysql-5.7.30\bin;C:\WINDOWS\system32;C:\Program Files (x86)\Captura\ffmpeg\bin;C:\Program Files (x86)\apache\maven\bin;C:\WINDOWS;C:\WINDOWS\System32\Wbem;C:\WINDOWS\System32\WindowsPowerShell\v1.0\;C:\WINDOWS\System32\OpenSSH\;F:\Git\cmd;D:\node\npm_global\node_modules;C:\node\;C:\Program Files\Pandoc\;C:\Program Files\TortoiseSVN\bin;C:\Users\86155\AppData\Roaming\Microsoft\Windows\Start Menu\Programs\Python 3.8;C:\Programs\Python\Python38\Scripts\;C:\Programs\Python\Python38\;C:\Users\86155\AppData\Local\Programs\Microsoft VS Code\bin;C:\Program Files\Bandizip\;C:\Users\86155\AppData\Local\Microsoft\WindowsApps;D:\node\npm_global;C:\Users\86155\AppData\Roaming\npm;C:\Users\86155\AppData\Local\Programs\Fiddler;."/>
    <property name="java.vm.info" value="mixed mode"/>
    <property name="java.vendor" value="Oracle Corporation"/>
    <property name="java.vm.version" value="25.291-b10"/>
    <property name="java.ext.dirs" value="C:\Program Files\Java\jdk1.8.0_291\jre\lib\ext;C:\WINDOWS\Sun\Java\lib\ext"/>
    <property name="sun.io.unicode.encoding" value="UnicodeLittle"/>
    <property name="maven.repo.local" value="C:\Program Files (x86)\apache\maven\repo"/>
    <property name="java.class.version" value="52.0"/>
  </properties>
</testsuite>